# JRE version: Java(TM) SE Runtime Environment (7.0_51-b13) (build 1.7.0_51-b13)
# Java VM: Java HotSpot(TM) Server VM (24.51-b03 mixed mode linux-x86 )
Heap
 PSYoungGen      total 19456K, used 5619K [0x9dfc0000, 0x9f540000, 0xb3540000)
  eden space 16896K, 18% used [0x9dfc0000,0x9e2c05d0,0x9f040000)
  from space 2560K, 99% used [0x9f040000,0x9f2bc7a8,0x9f2c0000)
  to   space 2560K, 0% used [0x9f2c0000,0x9f2c0000,0x9f540000)
 ParOldGen       total 43520K, used 10600K [0x73540000, 0x75fc0000, 0x9dfc0000)
  object space 43520K, 24% used [0x73540000,0x73f9a138,0x75fc0000)
 PSPermGen       total 16384K, used 12644K [0x6f540000, 0x70540000, 0x73540000)
  object space 16384K, 77% used [0x6f540000,0x701993a8,0x70540000)
GC Heap History (6 events):
Event: 0.676 GC heap before
{Heap before GC invocations=1 (full 0):
 PSYoungGen      total 19456K, used 16896K [0x9dfc0000, 0x9f540000, 0xb3540000)
  eden space 16896K, 100% used [0x9dfc0000,0x9f040000,0x9f040000)
  from space 2560K, 0% used [0x9f2c0000,0x9f2c0000,0x9f540000)
  to   space 2560K, 0% used [0x9f040000,0x9f040000,0x9f2c0000)
 ParOldGen       total 43520K, used 0K [0x73540000, 0x75fc0000, 0x9dfc0000)
  object space 43520K, 0% used [0x73540000,0x73540000,0x75fc0000)
 PSPermGen       total 16384K, used 6697K [0x6f540000, 0x70540000, 0x73540000)
  object space 16384K, 40% used [0x6f540000,0x6fbca6f0,0x70540000)
Event: 0.682 GC heap after
Heap after GC invocations=1 (full 0):
 PSYoungGen      total 19456K, used 2526K [0x9dfc0000, 0x9f540000, 0xb3540000)
  eden space 16896K, 0% used [0x9dfc0000,0x9dfc0000,0x9f040000)
  from space 2560K, 98% used [0x9f040000,0x9f2b7b70,0x9f2c0000)
  to   space 2560K, 0% used [0x9f2c0000,0x9f2c0000,0x9f540000)
 ParOldGen       total 43520K, used 4K [0x73540000, 0x75fc0000, 0x9dfc0000)
  object space 43520K, 0% used [0x73540000,0x73541000,0x75fc0000)
 PSPermGen       total 16384K, used 6697K [0x6f540000, 0x70540000, 0x73540000)
  object space 16384K, 40% used [0x6f540000,0x6fbca6f0,0x70540000)
}
Event: 1.571 GC heap before
{Heap before GC invocations=2 (full 0):
 PSYoungGen      total 19456K, used 19422K [0x9dfc0000, 0x9f540000, 0xb3540000)
  eden space 16896K, 100% used [0x9dfc0000,0x9f040000,0x9f040000)
  from space 2560K, 98% used [0x9f040000,0x9f2b7b70,0x9f2c0000)
  to   space 2560K, 0% used [0x9f2c0000,0x9f2c0000,0x9f540000)
 ParOldGen       total 43520K, used 4K [0x73540000, 0x75fc0000, 0x9dfc0000)
  object space 43520K, 0% used [0x73540000,0x73541000,0x75fc0000)
 PSPermGen       total 16384K, used 11290K [0x6f540000, 0x70540000, 0x73540000)
  object space 16384K, 68% used [0x6f540000,0x70046910,0x70540000)
Event: 1.583 GC heap after
Heap after GC invocations=2 (full 0):
 PSYoungGen      total 19456K, used 2548K [0x9dfc0000, 0xa05c0000, 0xb3540000)
  eden space 16896K, 0% used [0x9dfc0000,0x9dfc0000,0x9f040000)
  from space 2560K, 99% used [0x9f2c0000,0x9f53d030,0x9f540000)
  to   space 2560K, 0% used [0x9f040000,0x9f040000,0x9f2c0000)
 ParOldGen       total 43520K, used 4667K [0x73540000, 0x75fc0000, 0x9dfc0000)
  object space 43520K, 10% used [0x73540000,0x739cec20,0x75fc0000)
 PSPermGen       total 16384K, used 11290K [0x6f540000, 0x70540000, 0x73540000)
  object space 16384K, 68% used [0x6f540000,0x70046910,0x70540000)
}
Event: 33.170 GC heap before
{Heap before GC invocations=3 (full 0):
 PSYoungGen      total 19456K, used 19444K [0x9dfc0000, 0xa05c0000, 0xb3540000)
  eden space 16896K, 100% used [0x9dfc0000,0x9f040000,0x9f040000)
  from space 2560K, 99% used [0x9f2c0000,0x9f53d030,0x9f540000)
  to   space 2560K, 0% used [0x9f040000,0x9f040000,0x9f2c0000)
 ParOldGen       total 43520K, used 4667K [0x73540000, 0x75fc0000, 0x9dfc0000)
  object space 43520K, 10% used [0x73540000,0x739cec20,0x75fc0000)
 PSPermGen       total 16384K, used 12483K [0x6f540000, 0x70540000, 0x73540000)
  object space 16384K, 76% used [0x6f540000,0x70170f08,0x70540000)
Event: 33.186 GC heap after
Heap after GC invocations=3 (full 0):
 PSYoungGen      total 19456K, used 2545K [0x9dfc0000, 0x9f540000, 0xb3540000)
  eden space 16896K, 0% used [0x9dfc0000,0x9dfc0000,0x9f040000)
  from space 2560K, 99% used [0x9f040000,0x9f2bc7a8,0x9f2c0000)
  to   space 2560K, 0% used [0x9f2c0000,0x9f2c0000,0x9f540000)
 ParOldGen       total 43520K, used 10600K [0x73540000, 0x75fc0000, 0x9dfc0000)
  object space 43520K, 24% used [0x73540000,0x73f9a138,0x75fc0000)
 PSPermGen       total 16384K, used 12483K [0x6f540000, 0x70540000, 0x73540000)
  object space 16384K, 76% used [0x6f540000,0x70170f08,0x70540000)
}

