# JRE version: Java(TM) SE Runtime Environment (7.0_51-b13) (build 1.7.0_51-b13)
# Java VM: Java HotSpot(TM) Server VM (24.51-b03 mixed mode linux-x86 )
Heap
 PSYoungGen      total 19456K, used 12204K [0x9e040000, 0xa0640000, 0xb35c0000)
  eden space 16896K, 57% used [0x9e040000,0x9e9ad660,0x9f0c0000)
  from space 2560K, 99% used [0x9f340000,0x9f5bdd20,0x9f5c0000)
  to   space 2560K, 0% used [0x9f0c0000,0x9f0c0000,0x9f340000)
 ParOldGen       total 43520K, used 4681K [0x735c0000, 0x76040000, 0x9e040000)
  object space 43520K, 10% used [0x735c0000,0x73a524d0,0x76040000)
 PSPermGen       total 16384K, used 12127K [0x6f5c0000, 0x705c0000, 0x735c0000)
  object space 16384K, 74% used [0x6f5c0000,0x70197fa8,0x705c0000)
GC Heap History (4 events):
Event: 0.727 GC heap before
{Heap before GC invocations=1 (full 0):
 PSYoungGen      total 19456K, used 16896K [0x9e040000, 0x9f5c0000, 0xb35c0000)
  eden space 16896K, 100% used [0x9e040000,0x9f0c0000,0x9f0c0000)
  from space 2560K, 0% used [0x9f340000,0x9f340000,0x9f5c0000)
  to   space 2560K, 0% used [0x9f0c0000,0x9f0c0000,0x9f340000)
 ParOldGen       total 43520K, used 0K [0x735c0000, 0x76040000, 0x9e040000)
  object space 43520K, 0% used [0x735c0000,0x735c0000,0x76040000)
 PSPermGen       total 16384K, used 6697K [0x6f5c0000, 0x705c0000, 0x735c0000)
  object space 16384K, 40% used [0x6f5c0000,0x6fc4a6c8,0x705c0000)
Event: 0.732 GC heap after
Heap after GC invocations=1 (full 0):
 PSYoungGen      total 19456K, used 2518K [0x9e040000, 0x9f5c0000, 0xb35c0000)
  eden space 16896K, 0% used [0x9e040000,0x9e040000,0x9f0c0000)
  from space 2560K, 98% used [0x9f0c0000,0x9f335b80,0x9f340000)
  to   space 2560K, 0% used [0x9f340000,0x9f340000,0x9f5c0000)
 ParOldGen       total 43520K, used 4K [0x735c0000, 0x76040000, 0x9e040000)
  object space 43520K, 0% used [0x735c0000,0x735c1000,0x76040000)
 PSPermGen       total 16384K, used 6697K [0x6f5c0000, 0x705c0000, 0x735c0000)
  object space 16384K, 40% used [0x6f5c0000,0x6fc4a6c8,0x705c0000)
}
Event: 1.528 GC heap before
{Heap before GC invocations=2 (full 0):
 PSYoungGen      total 19456K, used 19414K [0x9e040000, 0x9f5c0000, 0xb35c0000)
  eden space 16896K, 100% used [0x9e040000,0x9f0c0000,0x9f0c0000)
  from space 2560K, 98% used [0x9f0c0000,0x9f335b80,0x9f340000)
  to   space 2560K, 0% used [0x9f340000,0x9f340000,0x9f5c0000)
 ParOldGen       total 43520K, used 4K [0x735c0000, 0x76040000, 0x9e040000)
  object space 43520K, 0% used [0x735c0000,0x735c1000,0x76040000)
 PSPermGen       total 16384K, used 11269K [0x6f5c0000, 0x705c0000, 0x735c0000)
  object space 16384K, 68% used [0x6f5c0000,0x700c1578,0x705c0000)
Event: 1.543 GC heap after
Heap after GC invocations=2 (full 0):
 PSYoungGen      total 19456K, used 2551K [0x9e040000, 0xa0640000, 0xb35c0000)
  eden space 16896K, 0% used [0x9e040000,0x9e040000,0x9f0c0000)
  from space 2560K, 99% used [0x9f340000,0x9f5bdd20,0x9f5c0000)
  to   space 2560K, 0% used [0x9f0c0000,0x9f0c0000,0x9f340000)
 ParOldGen       total 43520K, used 4681K [0x735c0000, 0x76040000, 0x9e040000)
  object space 43520K, 10% used [0x735c0000,0x73a524d0,0x76040000)
 PSPermGen       total 16384K, used 11269K [0x6f5c0000, 0x705c0000, 0x735c0000)
  object space 16384K, 68% used [0x6f5c0000,0x700c1578,0x705c0000)
}

