# JRE version: Java(TM) SE Runtime Environment (7.0_51-b13) (build 1.7.0_51-b13)
# Java VM: Java HotSpot(TM) Server VM (24.51-b03 mixed mode linux-x86 )
Heap
 PSYoungGen      total 36352K, used 13835K [0x9e040000, 0xa0640000, 0xb35c0000)
  eden space 33792K, 33% used [0x9e040000,0x9eb440b0,0xa0140000)
  from space 2560K, 99% used [0xa03c0000,0xa063ed18,0xa0640000)
  to   space 2560K, 0% used [0xa0140000,0xa0140000,0xa03c0000)
 ParOldGen       total 43520K, used 8221K [0x735c0000, 0x76040000, 0x9e040000)
  object space 43520K, 18% used [0x735c0000,0x73dc7550,0x76040000)
 PSPermGen       total 16384K, used 12154K [0x6f5c0000, 0x705c0000, 0x735c0000)
  object space 16384K, 74% used [0x6f5c0000,0x7019e928,0x705c0000)
GC Heap History (4 events):
Event: 0.707 GC heap before
{Heap before GC invocations=1 (full 0):
 PSYoungGen      total 19456K, used 16896K [0x9e040000, 0x9f5c0000, 0xb35c0000)
  eden space 16896K, 100% used [0x9e040000,0x9f0c0000,0x9f0c0000)
  from space 2560K, 0% used [0x9f340000,0x9f340000,0x9f5c0000)
  to   space 2560K, 0% used [0x9f0c0000,0x9f0c0000,0x9f340000)
 ParOldGen       total 43520K, used 0K [0x735c0000, 0x76040000, 0x9e040000)
  object space 43520K, 0% used [0x735c0000,0x735c0000,0x76040000)
 PSPermGen       total 16384K, used 6697K [0x6f5c0000, 0x705c0000, 0x735c0000)
  object space 16384K, 40% used [0x6f5c0000,0x6fc4a6e0,0x705c0000)
Event: 0.715 GC heap after
Heap after GC invocations=1 (full 0):
 PSYoungGen      total 19456K, used 2526K [0x9e040000, 0xa0640000, 0xb35c0000)
  eden space 16896K, 0% used [0x9e040000,0x9e040000,0x9f0c0000)
  from space 2560K, 98% used [0x9f0c0000,0x9f337b90,0x9f340000)
  to   space 2560K, 0% used [0xa03c0000,0xa03c0000,0xa0640000)
 ParOldGen       total 43520K, used 4K [0x735c0000, 0x76040000, 0x9e040000)
  object space 43520K, 0% used [0x735c0000,0x735c1000,0x76040000)
 PSPermGen       total 16384K, used 6697K [0x6f5c0000, 0x705c0000, 0x735c0000)
  object space 16384K, 40% used [0x6f5c0000,0x6fc4a6e0,0x705c0000)
}
Event: 1.490 GC heap before
{Heap before GC invocations=2 (full 0):
 PSYoungGen      total 19456K, used 19418K [0x9e040000, 0xa0640000, 0xb35c0000)
  eden space 16896K, 99% used [0x9e040000,0x9f0bed58,0x9f0c0000)
  from space 2560K, 98% used [0x9f0c0000,0x9f337b90,0x9f340000)
  to   space 2560K, 0% used [0xa03c0000,0xa03c0000,0xa0640000)
 ParOldGen       total 43520K, used 4K [0x735c0000, 0x76040000, 0x9e040000)
  object space 43520K, 0% used [0x735c0000,0x735c1000,0x76040000)
 PSPermGen       total 16384K, used 11280K [0x6f5c0000, 0x705c0000, 0x735c0000)
  object space 16384K, 68% used [0x6f5c0000,0x700c4158,0x705c0000)
Event: 1.504 GC heap after
Heap after GC invocations=2 (full 0):
 PSYoungGen      total 36352K, used 2555K [0x9e040000, 0xa0640000, 0xb35c0000)
  eden space 33792K, 0% used [0x9e040000,0x9e040000,0xa0140000)
  from space 2560K, 99% used [0xa03c0000,0xa063ed18,0xa0640000)
  to   space 2560K, 0% used [0xa0140000,0xa0140000,0xa03c0000)
 ParOldGen       total 43520K, used 8221K [0x735c0000, 0x76040000, 0x9e040000)
  object space 43520K, 18% used [0x735c0000,0x73dc7550,0x76040000)
 PSPermGen       total 16384K, used 11280K [0x6f5c0000, 0x705c0000, 0x735c0000)
  object space 16384K, 68% used [0x6f5c0000,0x700c4158,0x705c0000)
}

